[0.700s] Invoking command in '/home/haru/ros2_ws/src/mypkg': PYTHONPATH=/home/haru/ros2_ws/src/mypkg/install/mypkg/lib/python3.10/site-packages:${PYTHONPATH} /usr/bin/python3 setup.py egg_info --egg-base build/mypkg build --build-base /home/haru/ros2_ws/src/mypkg/build/mypkg/build install --prefix /home/haru/ros2_ws/src/mypkg/install/mypkg --record /home/haru/ros2_ws/src/mypkg/build/mypkg/install.log --single-version-externally-managed
[0.957s] running egg_info
[0.958s] writing build/mypkg/mypkg.egg-info/PKG-INFO
[0.958s] writing dependency_links to build/mypkg/mypkg.egg-info/dependency_links.txt
[0.959s] writing entry points to build/mypkg/mypkg.egg-info/entry_points.txt
[0.959s] writing requirements to build/mypkg/mypkg.egg-info/requires.txt
[0.959s] writing top-level names to build/mypkg/mypkg.egg-info/top_level.txt
[0.962s] reading manifest file 'build/mypkg/mypkg.egg-info/SOURCES.txt'
[0.962s] adding license file 'LICENSE'
[0.963s] writing manifest file 'build/mypkg/mypkg.egg-info/SOURCES.txt'
[0.963s] running build
[0.963s] running build_py
[0.964s] running install
[0.964s] /usr/lib/python3/dist-packages/setuptools/command/install.py:34: SetuptoolsDeprecationWarning: setup.py install is deprecated. Use build and pip and other standards-based tools.
[0.964s]   warnings.warn(
[0.965s] running install_lib
[0.966s] running install_data
[0.967s] running install_egg_info
[0.968s] removing '/home/haru/ros2_ws/src/mypkg/install/mypkg/lib/python3.10/site-packages/mypkg-0.0.0-py3.10.egg-info' (and everything under it)
[0.969s] Copying build/mypkg/mypkg.egg-info to /home/haru/ros2_ws/src/mypkg/install/mypkg/lib/python3.10/site-packages/mypkg-0.0.0-py3.10.egg-info
[0.971s] running install_scripts
[0.993s] Installing listener script to /home/haru/ros2_ws/src/mypkg/install/mypkg/lib/mypkg
[0.993s] Installing talker script to /home/haru/ros2_ws/src/mypkg/install/mypkg/lib/mypkg
[0.994s] writing list of installed files to '/home/haru/ros2_ws/src/mypkg/build/mypkg/install.log'
[1.027s] Invoked command in '/home/haru/ros2_ws/src/mypkg' returned '0': PYTHONPATH=/home/haru/ros2_ws/src/mypkg/install/mypkg/lib/python3.10/site-packages:${PYTHONPATH} /usr/bin/python3 setup.py egg_info --egg-base build/mypkg build --build-base /home/haru/ros2_ws/src/mypkg/build/mypkg/build install --prefix /home/haru/ros2_ws/src/mypkg/install/mypkg --record /home/haru/ros2_ws/src/mypkg/build/mypkg/install.log --single-version-externally-managed
