[0.737s] Invoking command in '/home/haru/ros2_ws/src/mypkg': PYTHONPATH=/home/haru/ros2_ws/src/mypkg/install/mypkg/lib/python3.10/site-packages:${PYTHONPATH} /usr/bin/python3 setup.py egg_info --egg-base build/mypkg build --build-base /home/haru/ros2_ws/src/mypkg/build/mypkg/build install --prefix /home/haru/ros2_ws/src/mypkg/install/mypkg --record /home/haru/ros2_ws/src/mypkg/build/mypkg/install.log --single-version-externally-managed
[1.000s] running egg_info
[1.000s] writing build/mypkg/mypkg.egg-info/PKG-INFO
[1.001s] writing dependency_links to build/mypkg/mypkg.egg-info/dependency_links.txt
[1.001s] writing entry points to build/mypkg/mypkg.egg-info/entry_points.txt
[1.001s] writing requirements to build/mypkg/mypkg.egg-info/requires.txt
[1.002s] writing top-level names to build/mypkg/mypkg.egg-info/top_level.txt
[1.003s] reading manifest file 'build/mypkg/mypkg.egg-info/SOURCES.txt'
[1.003s] adding license file 'LICENSE'
[1.004s] writing manifest file 'build/mypkg/mypkg.egg-info/SOURCES.txt'
[1.004s] running build
[1.004s] running build_py
[1.005s] running install
[1.005s] /usr/lib/python3/dist-packages/setuptools/command/install.py:34: SetuptoolsDeprecationWarning: setup.py install is deprecated. Use build and pip and other standards-based tools.
[1.005s]   warnings.warn(
[1.005s] running install_lib
[1.006s] running install_data
[1.007s] copying package.xml -> /home/haru/ros2_ws/src/mypkg/install/mypkg/share/mypkg
[1.007s] copying launch/talk_listen.launch.py -> /home/haru/ros2_ws/src/mypkg/install/mypkg/share/mypkg
[1.007s] running install_egg_info
[1.009s] removing '/home/haru/ros2_ws/src/mypkg/install/mypkg/lib/python3.10/site-packages/mypkg-0.0.0-py3.10.egg-info' (and everything under it)
[1.010s] Copying build/mypkg/mypkg.egg-info to /home/haru/ros2_ws/src/mypkg/install/mypkg/lib/python3.10/site-packages/mypkg-0.0.0-py3.10.egg-info
[1.011s] running install_scripts
[1.035s] Installing listener script to /home/haru/ros2_ws/src/mypkg/install/mypkg/lib/mypkg
[1.035s] Installing talker script to /home/haru/ros2_ws/src/mypkg/install/mypkg/lib/mypkg
[1.036s] writing list of installed files to '/home/haru/ros2_ws/src/mypkg/build/mypkg/install.log'
[1.064s] Invoked command in '/home/haru/ros2_ws/src/mypkg' returned '0': PYTHONPATH=/home/haru/ros2_ws/src/mypkg/install/mypkg/lib/python3.10/site-packages:${PYTHONPATH} /usr/bin/python3 setup.py egg_info --egg-base build/mypkg build --build-base /home/haru/ros2_ws/src/mypkg/build/mypkg/build install --prefix /home/haru/ros2_ws/src/mypkg/install/mypkg --record /home/haru/ros2_ws/src/mypkg/build/mypkg/install.log --single-version-externally-managed
