[0.778s] Invoking command in '/home/haru/ros2_ws/src/mypkg': PYTHONPATH=/home/haru/ros2_ws/src/mypkg/install/mypkg/lib/python3.10/site-packages:${PYTHONPATH} /usr/bin/python3 setup.py egg_info --egg-base build/mypkg build --build-base /home/haru/ros2_ws/src/mypkg/build/mypkg/build install --prefix /home/haru/ros2_ws/src/mypkg/install/mypkg --record /home/haru/ros2_ws/src/mypkg/build/mypkg/install.log --single-version-externally-managed
[1.051s] running egg_info
[1.051s] writing build/mypkg/mypkg.egg-info/PKG-INFO
[1.052s] writing dependency_links to build/mypkg/mypkg.egg-info/dependency_links.txt
[1.052s] writing entry points to build/mypkg/mypkg.egg-info/entry_points.txt
[1.052s] writing requirements to build/mypkg/mypkg.egg-info/requires.txt
[1.052s] writing top-level names to build/mypkg/mypkg.egg-info/top_level.txt
[1.054s] reading manifest file 'build/mypkg/mypkg.egg-info/SOURCES.txt'
[1.065s] writing manifest file 'build/mypkg/mypkg.egg-info/SOURCES.txt'
[1.065s] running build
[1.065s] running build_py
[1.066s] copying mypkg/talker.py -> /home/haru/ros2_ws/src/mypkg/build/mypkg/build/lib/mypkg
[1.066s] copying mypkg/listener.py -> /home/haru/ros2_ws/src/mypkg/build/mypkg/build/lib/mypkg
[1.066s] running install
[1.066s] /usr/lib/python3/dist-packages/setuptools/command/install.py:34: SetuptoolsDeprecationWarning: setup.py install is deprecated. Use build and pip and other standards-based tools.
[1.067s]   warnings.warn(
[1.067s] running install_lib
[1.068s] copying /home/haru/ros2_ws/src/mypkg/build/mypkg/build/lib/mypkg/talker.py -> /home/haru/ros2_ws/src/mypkg/install/mypkg/lib/python3.10/site-packages/mypkg
[1.068s] copying /home/haru/ros2_ws/src/mypkg/build/mypkg/build/lib/mypkg/listener.py -> /home/haru/ros2_ws/src/mypkg/install/mypkg/lib/python3.10/site-packages/mypkg
[1.069s] byte-compiling /home/haru/ros2_ws/src/mypkg/install/mypkg/lib/python3.10/site-packages/mypkg/talker.py to talker.cpython-310.pyc
[1.069s] byte-compiling /home/haru/ros2_ws/src/mypkg/install/mypkg/lib/python3.10/site-packages/mypkg/listener.py to listener.cpython-310.pyc
[1.070s] running install_data
[1.071s] copying package.xml -> /home/haru/ros2_ws/src/mypkg/install/mypkg/share/mypkg
[1.071s] copying launch/talk_listen.launch.py -> /home/haru/ros2_ws/src/mypkg/install/mypkg/share/mypkg
[1.071s] running install_egg_info
[1.073s] removing '/home/haru/ros2_ws/src/mypkg/install/mypkg/lib/python3.10/site-packages/mypkg-0.0.0-py3.10.egg-info' (and everything under it)
[1.073s] Copying build/mypkg/mypkg.egg-info to /home/haru/ros2_ws/src/mypkg/install/mypkg/lib/python3.10/site-packages/mypkg-0.0.0-py3.10.egg-info
[1.075s] running install_scripts
[1.099s] Installing listener script to /home/haru/ros2_ws/src/mypkg/install/mypkg/lib/mypkg
[1.099s] Installing talker script to /home/haru/ros2_ws/src/mypkg/install/mypkg/lib/mypkg
[1.100s] writing list of installed files to '/home/haru/ros2_ws/src/mypkg/build/mypkg/install.log'
[1.126s] Invoked command in '/home/haru/ros2_ws/src/mypkg' returned '0': PYTHONPATH=/home/haru/ros2_ws/src/mypkg/install/mypkg/lib/python3.10/site-packages:${PYTHONPATH} /usr/bin/python3 setup.py egg_info --egg-base build/mypkg build --build-base /home/haru/ros2_ws/src/mypkg/build/mypkg/build install --prefix /home/haru/ros2_ws/src/mypkg/install/mypkg --record /home/haru/ros2_ws/src/mypkg/build/mypkg/install.log --single-version-externally-managed
