[1.033s] Invoking command in '/home/haru/ros2_ws/src/mypkg': PYTHONPATH=/home/haru/ros2_ws/src/mypkg/install/mypkg/lib/python3.10/site-packages:${PYTHONPATH} /usr/bin/python3 setup.py egg_info --egg-base build/mypkg build --build-base /home/haru/ros2_ws/src/mypkg/build/mypkg/build install --prefix /home/haru/ros2_ws/src/mypkg/install/mypkg --record /home/haru/ros2_ws/src/mypkg/build/mypkg/install.log --single-version-externally-managed
[1.520s] running egg_info
[1.522s] writing build/mypkg/mypkg.egg-info/PKG-INFO
[1.522s] writing dependency_links to build/mypkg/mypkg.egg-info/dependency_links.txt
[1.523s] writing entry points to build/mypkg/mypkg.egg-info/entry_points.txt
[1.523s] writing requirements to build/mypkg/mypkg.egg-info/requires.txt
[1.524s] writing top-level names to build/mypkg/mypkg.egg-info/top_level.txt
[1.528s] reading manifest file 'build/mypkg/mypkg.egg-info/SOURCES.txt'
[1.529s] adding license file 'LICENSE'
[1.530s] writing manifest file 'build/mypkg/mypkg.egg-info/SOURCES.txt'
[1.531s] running build
[1.531s] running build_py
[1.533s] running install
[1.534s] /usr/lib/python3/dist-packages/setuptools/command/install.py:34: SetuptoolsDeprecationWarning: setup.py install is deprecated. Use build and pip and other standards-based tools.
[1.534s]   warnings.warn(
[1.534s] running install_lib
[1.536s] running install_data
[1.537s] copying launch/talk_listen.launch.py -> /home/haru/ros2_ws/src/mypkg/install/mypkg/share/mypkg
[1.538s] running install_egg_info
[1.544s] removing '/home/haru/ros2_ws/src/mypkg/install/mypkg/lib/python3.10/site-packages/mypkg-0.0.0-py3.10.egg-info' (and everything under it)
[1.545s] Copying build/mypkg/mypkg.egg-info to /home/haru/ros2_ws/src/mypkg/install/mypkg/lib/python3.10/site-packages/mypkg-0.0.0-py3.10.egg-info
[1.548s] running install_scripts
[1.592s] Installing listener script to /home/haru/ros2_ws/src/mypkg/install/mypkg/lib/mypkg
[1.593s] Installing talker script to /home/haru/ros2_ws/src/mypkg/install/mypkg/lib/mypkg
[1.595s] writing list of installed files to '/home/haru/ros2_ws/src/mypkg/build/mypkg/install.log'
[1.685s] Invoked command in '/home/haru/ros2_ws/src/mypkg' returned '0': PYTHONPATH=/home/haru/ros2_ws/src/mypkg/install/mypkg/lib/python3.10/site-packages:${PYTHONPATH} /usr/bin/python3 setup.py egg_info --egg-base build/mypkg build --build-base /home/haru/ros2_ws/src/mypkg/build/mypkg/build install --prefix /home/haru/ros2_ws/src/mypkg/install/mypkg --record /home/haru/ros2_ws/src/mypkg/build/mypkg/install.log --single-version-externally-managed
