[0.652s] Invoking command in '/home/haru/ros2_ws/src/mypkg': PYTHONPATH=/home/haru/ros2_ws/src/mypkg/install/mypkg/lib/python3.10/site-packages:${PYTHONPATH} /usr/bin/python3 setup.py egg_info --egg-base build/mypkg build --build-base /home/haru/ros2_ws/src/mypkg/build/mypkg/build install --prefix /home/haru/ros2_ws/src/mypkg/install/mypkg --record /home/haru/ros2_ws/src/mypkg/build/mypkg/install.log --single-version-externally-managed
[0.894s] running egg_info
[0.895s] writing build/mypkg/mypkg.egg-info/PKG-INFO
[0.895s] writing dependency_links to build/mypkg/mypkg.egg-info/dependency_links.txt
[0.895s] writing entry points to build/mypkg/mypkg.egg-info/entry_points.txt
[0.896s] writing requirements to build/mypkg/mypkg.egg-info/requires.txt
[0.896s] writing top-level names to build/mypkg/mypkg.egg-info/top_level.txt
[0.897s] reading manifest file 'build/mypkg/mypkg.egg-info/SOURCES.txt'
[0.897s] adding license file 'LICENSE'
[0.898s] writing manifest file 'build/mypkg/mypkg.egg-info/SOURCES.txt'
[0.899s] running build
[0.899s] running build_py
[0.899s] copying mypkg/talker.py -> /home/haru/ros2_ws/src/mypkg/build/mypkg/build/lib/mypkg
[0.900s] running install
[0.900s] /usr/lib/python3/dist-packages/setuptools/command/install.py:34: SetuptoolsDeprecationWarning: setup.py install is deprecated. Use build and pip and other standards-based tools.
[0.900s]   warnings.warn(
[0.900s] running install_lib
[0.901s] copying /home/haru/ros2_ws/src/mypkg/build/mypkg/build/lib/mypkg/talker.py -> /home/haru/ros2_ws/src/mypkg/install/mypkg/lib/python3.10/site-packages/mypkg
[0.901s] byte-compiling /home/haru/ros2_ws/src/mypkg/install/mypkg/lib/python3.10/site-packages/mypkg/talker.py to talker.cpython-310.pyc
[0.902s] running install_data
[0.902s] running install_egg_info
[0.904s] removing '/home/haru/ros2_ws/src/mypkg/install/mypkg/lib/python3.10/site-packages/mypkg-0.0.0-py3.10.egg-info' (and everything under it)
[0.904s] Copying build/mypkg/mypkg.egg-info to /home/haru/ros2_ws/src/mypkg/install/mypkg/lib/python3.10/site-packages/mypkg-0.0.0-py3.10.egg-info
[0.906s] running install_scripts
[0.928s] Installing listener script to /home/haru/ros2_ws/src/mypkg/install/mypkg/lib/mypkg
[0.928s] Installing talker script to /home/haru/ros2_ws/src/mypkg/install/mypkg/lib/mypkg
[0.928s] writing list of installed files to '/home/haru/ros2_ws/src/mypkg/build/mypkg/install.log'
[0.957s] Invoked command in '/home/haru/ros2_ws/src/mypkg' returned '0': PYTHONPATH=/home/haru/ros2_ws/src/mypkg/install/mypkg/lib/python3.10/site-packages:${PYTHONPATH} /usr/bin/python3 setup.py egg_info --egg-base build/mypkg build --build-base /home/haru/ros2_ws/src/mypkg/build/mypkg/build install --prefix /home/haru/ros2_ws/src/mypkg/install/mypkg --record /home/haru/ros2_ws/src/mypkg/build/mypkg/install.log --single-version-externally-managed
